2026-05-13 03:28:35,060 - INFO - url: http://rihou.cc:567/gggg.nzk 获取成功，判断为txt格式
2026-05-13 03:28:35,066 - INFO - url: http://rihou.cc:567/gggg.nzk 爬取成功✅，包含频道分类: 猫TV影视, 亚杯赛评, NBA赛评, CBA赛评, 5/14赛事, 赛事精锦, 赛事咪咕, 央卫咪咕, 特新Pdtv, 欣赏频道, 网页音乐, 欣赏音乐, 闽南频测, 特区Mttv, 特马SXtv, 特闽Hktv, 特闽FYtv, 闽南4Gtv, 闽南回放, 特闽频晴, 央卫高码, 抖音网页, 荔枝网页, 虎牙频道, 爱奇频道, 特区地波, 广州电信, 童年频道, 亮剑全集, 雪豹全集, 凡人修仙, 华山论剑, Q-三国粤, 大时代粤, 流星花园, 还珠格格, 甄嬛传国, 大地恩情, 粤经典剧, 射雕英雄, 神雕侠侣, 视觉效果
2026-05-13 03:28:35,841 - INFO - url: https://gh.tryxd.cn/https://raw.githubusercontent.com/alantang1977/JunTV/main/output/user_result.txt 获取成功，判断为txt格式
2026-05-13 03:28:36,885 - INFO - url: https://gh.tryxd.cn/https://raw.githubusercontent.com/alantang1977/IPTV/main/live_ipv4.txt 获取成功，判断为txt格式
2026-05-13 03:28:37,463 - INFO - url: https://gh.tryxd.cn/https://raw.githubusercontent.com/kimwang1978/collect-tv-txt/main/merged_output.txthttps://jihulab.com/ss3234741/sj/-/raw/08d403ffdae978471cd3204a1d89a64781447b4c/lib/tzlink.php 获取成功，判断为txt格式
2026-05-13 03:28:37,724 - INFO - url: https://live.zbds.top/tv/iptv6.txt 获取成功，判断为txt格式
2026-05-13 03:28:37,725 - INFO - url: https://live.zbds.top/tv/iptv6.txt 爬取成功✅，包含频道分类: 更新时间
2026-05-13 03:28:38,014 - INFO - url: https://live.zbds.top/tv/iptv4.txt 获取成功，判断为txt格式
2026-05-13 03:28:38,016 - INFO - url: https://live.zbds.top/tv/iptv4.txt 爬取成功✅，包含频道分类: 央视频道, 卫视频道, 电影频道, 数字频道, 儿童频道, 地方频道, 纪录频道, 体育频道, 音乐频道, 春晚频道, 直播中国, 更新时间
2026-05-13 03:28:38,887 - INFO - url: http://live.nctv.top/xj.txt 获取成功，判断为txt格式
2026-05-13 03:28:38,890 - INFO - url: http://live.nctv.top/xj.txt 爬取成功✅，包含频道分类: 📡  江西频道, 🇨🇳虎牙直播, 🇨🇳斗鱼直播, 🇨🇳电视剧轮播, 🇨🇳 YY频道, 🇨🇳埋堆堆（港剧）, 🇨🇳 NewTV, 📡  香港频道, 📡  新闻频道p2p
2026-05-13 03:28:38,905 - ERROR - url: http://aktv.space/live.m3u 爬取失败❌, Error: HTTPConnectionPool(host='aktv.space', port=80): Max retries exceeded with url: /live.m3u (Caused by NameResolutionError("HTTPConnection(host='aktv.space', port=80): Failed to resolve 'aktv.space' ([Errno -2] Name or service not known)"))
2026-05-13 03:28:39,371 - INFO - url: https://gh.tryxd.cn/https://raw.githubusercontent.com/alantang1977/JunTV/refs/heads/main/output/result.txt 获取成功，判断为txt格式
2026-05-13 03:28:39,921 - INFO - url: https://gh.tryxd.cn/https://raw.githubusercontent.com/ssili126/tv/main/itvlist.m3u 获取成功，判断为txt格式
2026-05-13 03:28:40,266 - INFO - url: https://live.zbds.top/tv/iptv4.txt 获取成功，判断为txt格式
2026-05-13 03:28:40,268 - INFO - url: https://live.zbds.top/tv/iptv4.txt 爬取成功✅，包含频道分类: 央视频道, 卫视频道, 电影频道, 数字频道, 儿童频道, 地方频道, 纪录频道, 体育频道, 音乐频道, 春晚频道, 直播中国, 更新时间
2026-05-13 03:28:43,068 - ERROR - url: https://gitee.com/xxy002/zhiboyuan/raw/master/dsy 爬取失败❌, Error: 451 Client Error: Unavailable For Legal Reasons for url: https://gitee.com/xxy002/zhiboyuan/raw/master/dsy
2026-05-13 03:28:43,705 - INFO - url: https://gh.tryxd.cn/https://raw.githubusercontent.com/big-mouth-cn/tv/main/iptv-ok.m3u 获取成功，判断为txt格式
2026-05-13 03:28:44,198 - ERROR - url: https://codeberg.org/alfredisme/mytvsources/raw/branch/main/mylist-ipv6.m3u 爬取失败❌, Error: 404 Client Error: Not Found for url: https://codeberg.org/alfredisme/mytvsources/raw/branch/main/mylist-ipv6.m3u
2026-05-13 03:28:44,860 - INFO - url: https://gh.tryxd.cn/https://raw.githubusercontent.com/lalifeier/IPTV/main/m3u/IPTV.m3u 获取成功，判断为txt格式
2026-05-13 03:28:45,516 - INFO - url: https://gh.tryxd.cn/https://raw.githubusercontent.com/wwb521/live/main/tv.m3u 获取成功，判断为txt格式
2026-05-13 03:28:45,963 - INFO - url: https://gh.tryxd.cn/https://raw.githubusercontent.com/asdjkl6/tv/tv/.m3u/整套直播源/测试/整套直播源/l.txt 获取成功，判断为txt格式
2026-05-13 03:28:46,428 - INFO - url: https://gh.tryxd.cn/https://raw.githubusercontent.com/asdjkl6/tv/tv/.m3u/整套直播源/测试/整套直播源/kk.txt 获取成功，判断为txt格式
2026-05-13 03:28:46,869 - INFO - url: https://gh.tryxd.cn/https://raw.githubusercontent.com/suxuang/myIPTV/main/ipv6.m3u 获取成功，判断为txt格式
2026-05-13 03:28:47,339 - INFO - url: https://gh.tryxd.cn/https://raw.githubusercontent.com/Guovin/iptv-api/gd/output/result.m3u 获取成功，判断为txt格式
2026-05-13 03:28:47,847 - INFO - url: https://gh.tryxd.cn/https://raw.githubusercontent.com/yuanzl77/IPTV/main/live.m3u 获取成功，判断为txt格式
2026-05-13 03:28:48,386 - INFO - url: https://gh.tryxd.cn/https://raw.githubusercontent.com/YanG-1989/m3u/main/Gather.m3u 获取成功，判断为txt格式
2026-05-13 03:28:49,274 - INFO - url: https://gh.tryxd.cn/https://raw.githubusercontent.com/YueChan/Live/refs/heads/main/APTV.m3u 获取成功，判断为txt格式
2026-05-13 03:28:49,812 - INFO - url: https://gh.tryxd.cn/https://raw.githubusercontent.com/Kimentanm/aptv/master/m3u/iptv.m3u 获取成功，判断为txt格式
2026-05-13 03:28:49,881 - INFO - url: http://xhztv.top/new.txt 获取成功，判断为txt格式
2026-05-13 03:28:49,885 - INFO - url: http://xhztv.top/new.txt 爬取成功✅，包含频道分类: 央视频道, 卫视频道, 电影频道, 数字频道, 儿童频道, 地方频道, 纪录频道, 体育频道, 解说频道, 音乐频道, 春晚频道, 直播中国, 更新时间
2026-05-13 03:28:50,400 - INFO - url: https://gh.tryxd.cn/https://raw.githubusercontent.com/Guovin/TV/gd/output/result.txt 获取成功，判断为txt格式
2026-05-13 03:28:51,080 - ERROR - url: http://home.jundie.top:81/Cat/tv/live.txt 爬取失败❌, Error: 404 Client Error: Not Found for url: http://home.jundie.top:81/Cat/tv/live.txt
2026-05-13 03:28:52,106 - INFO - url: https://gh.tryxd.cn/https://raw.githubusercontent.com/vbskycn/iptv/master/tv/hd.txt 获取成功，判断为txt格式
2026-05-13 03:28:52,227 - INFO - url: https://live.fanmingming.cn/tv/m3u/ipv6.m3u 获取成功，判断为m3u格式
2026-05-13 03:28:52,227 - INFO - url: https://live.fanmingming.cn/tv/m3u/ipv6.m3u 爬取成功✅，包含频道分类: 央视频道, 卫视频道, 浙江频道, 内蒙频道
2026-05-13 03:28:52,311 - INFO - url: https://live.zhoujie218.top/tv/iptv6.txt 获取成功，判断为txt格式
2026-05-13 03:28:52,311 - INFO - url: https://live.zhoujie218.top/tv/iptv6.txt 爬取成功✅，包含频道分类: 更新时间
2026-05-13 03:28:54,957 - ERROR - url: https://cdn.jsdelivr.net/gh/YueChan/live@main/IPTV.m3u 爬取失败❌, Error: 404 Client Error: Not Found for url: https://cdn.jsdelivr.net/gh/YueChan/live@main/IPTV.m3u
2026-05-13 03:28:55,425 - INFO - url: https://gh.tryxd.cn/https://raw.githubusercontent.com/cymz6/AutoIPTV-Hotel/main/lives.txt 获取成功，判断为txt格式
2026-05-13 03:28:56,363 - INFO - url: https://gh.tryxd.cn/https://raw.githubusercontent.com/PizazzGY/TVBox_warehouse/main/live.txt 获取成功，判断为txt格式
2026-05-13 03:28:57,623 - INFO - url: https://fm1077.serv00.net/SmartTV.m3u 获取成功，判断为m3u格式
2026-05-13 03:28:57,624 - INFO - url: https://fm1077.serv00.net/SmartTV.m3u 爬取成功✅，包含频道分类: 臺灣 Taiwan, 馬來西亞 Malaysia, 新加坡 Singapore, 印尼 Indonesia, 香港 Hongkong, 中國 China, 體育 Sports, 印度 Indian, 電影 Movie, 紀錄 Documentary, 新聞 News, 兒童 Kids, 泰國 Thailand, 英國 United Kingdom, 越南 Vietnam, 韓國 Korea, 日本 Japan
2026-05-13 03:28:58,431 - INFO - url: https://gh.tryxd.cn/https://raw.githubusercontent.com/joevess/IPTV/main/home.m3u8 获取成功，判断为txt格式
2026-05-13 03:31:11,170 - ERROR - url: https://tv.youdu.fan:666/live/ 爬取失败❌, Error: HTTPSConnectionPool(host='tv.youdu.fan', port=666): Max retries exceeded with url: /live/ (Caused by ConnectTimeoutError(<HTTPSConnection(host='tv.youdu.fan', port=666) at 0x7f781ad39b10>, 'Connection to tv.youdu.fan timed out. (connect timeout=None)'))
2026-05-13 03:31:11,330 - INFO - url: https://m3u.ibert.me/txt/o_cn.txt 获取成功，判断为txt格式
2026-05-13 03:31:11,330 - INFO - url: https://m3u.ibert.me/txt/o_cn.txt 爬取成功✅，包含频道分类: Religious, News, Undefined, Kids, Education;Science, General, Sports, Documentary, Education, Entertainment, Movies, Animation;Kids, Business, Lifestyle, Education;Lifestyle;Science, Comedy, Culture, Kids;Lifestyle, Culture;Education, Outdoor, General;News, Shop, Weather, Family, Science, Legislative
2026-05-13 03:31:11,449 - INFO - url: https://m3u.ibert.me/txt/j_iptv.txt 获取成功，判断为txt格式
2026-05-13 03:31:11,921 - INFO - url: https://gh.tryxd.cn/https://raw.githubusercontent.com/xzw832/cmys/main/S_CCTV.txt 获取成功，判断为txt格式
2026-05-13 03:31:11,978 - INFO - url: https://gh.tryxd.cn/https://raw.githubusercontent.com/xzw832/cmys/main/S_weishi.txt 获取成功，判断为txt格式
2026-05-13 03:31:12,030 - INFO - url: https://gh.tryxd.cn/https://raw.githubusercontent.com/BurningC4/Chinese-IPTV/master/TV-IPV4.m3u 获取成功，判断为txt格式
2026-05-13 03:31:12,092 - INFO - url: https://gh.tryxd.cn/https://raw.githubusercontent.com/joevess/IPTV/main/m3u/iptv.m3u 获取成功，判断为txt格式
2026-05-13 03:31:12,142 - INFO - url: https://gh.tryxd.cn/https://raw.githubusercontent.com/Ftindy/IPTV-URL/main/IPV6.m3u 获取成功，判断为txt格式
2026-05-13 03:31:12,215 - INFO - url: https://gh.tryxd.cn/https://raw.githubusercontent.com/YanG-1989/m3u/main/Gather.m3u 获取成功，判断为txt格式
2026-05-13 03:31:12,450 - INFO - url: https://iptv.b2og.com/txt/fmml_ipv6.txt 获取成功，判断为txt格式
2026-05-13 03:31:12,450 - INFO - url: https://iptv.b2og.com/txt/fmml_ipv6.txt 爬取成功✅，包含频道分类: 央视频道, 卫视频道, 浙江频道, 内蒙频道
2026-05-13 03:31:12,500 - ERROR - url: http://xhztv.top/zbc.txt 爬取失败❌, Error: 404 Client Error: Not Found for url: http://xhztv.top/zbc.txt
2026-05-13 03:31:12,553 - INFO - url: https://gh.tryxd.cn/https://raw.githubusercontent.com/kimwang1978/collect-tv-txt/main/merged_output_simple.txt 获取成功，判断为txt格式
2026-05-13 03:31:12,623 - INFO - url: https://gh.tryxd.cn/https://raw.githubusercontent.com/SPX372928/MyIPTV/master/黑龙江PLTV移动CDN版.txt 获取成功，判断为txt格式
2026-05-13 03:31:12,683 - INFO - url: https://gh.tryxd.cn/https://raw.githubusercontent.com/qingwen07/awesome-iptv/main/tvbox_live_all.txt 获取成功，判断为txt格式
2026-05-13 03:31:12,746 - INFO - url: https://gh.tryxd.cn/https://raw.githubusercontent.com/kimwang1978/collect-tv-txt/main/merged_output.m3u 获取成功，判断为txt格式
2026-05-13 03:31:13,355 - INFO - url: https://live.zhoujie218.top/tv/iptv4.txt 获取成功，判断为txt格式
2026-05-13 03:31:13,357 - INFO - url: https://live.zhoujie218.top/tv/iptv4.txt 爬取成功✅，包含频道分类: 央视频道, 卫视频道, 电影频道, 数字频道, 儿童频道, 地方频道, 纪录频道, 体育频道, 音乐频道, 春晚频道, 直播中国, 更新时间
